2019-07-31 15:49:39 12factor.net/ru/config
2019-07-31 17:57:16 12factor.net/ru/config
2019-08-02 10:48:18 google.com
2019-08-02 10:50:28 12factor.net/ru/config
2019-08-02 10:59:20 12factor.net/ru/config
2019-08-02 11:00:11 12factor.net/ru/config
2019-08-02 11:18:04 12factor.net/ru/config
2019-08-02 11:38:53 12factor.net/ru/config
2019-08-02 16:10:40 12factor.net/ru/config
2019-08-02 16:13:59 google.com
2019-08-02 16:15:14 12factor.net/ru/config
2019-08-02 16:55:45 12factor.net/ru/config
2019-08-02 16:56:06 12factor.net/ru/config
2019-08-02 16:56:18 12factor.net/ru/config
2019-08-02 16:59:09 12factor.net/ru/config
2019-08-02 16:59:53 12factor.net/ru/config
2019-08-02 17:03:17 12factor.net/ru/config
2019-08-02 17:04:18 12factor.net/ru/config
2019-08-02 17:04:53 12factor.net/ru/config
2019-08-02 17:05:14 12factor.net/ru/config
2019-08-05 09:14:07 google.com
2019-08-05 09:14:19 liga.net
2019-08-05 09:14:43 habr.com
2019-08-05 09:21:41 12factor.net/ru/config
2019-08-05 12:28:53 docs.python.org/3/contents.html
2019-08-05 12:32:16 docs.python.org/3/contents.html
2019-08-05 12:40:34 docs.python.org/3/contents.html
2019-08-05 12:42:19 docs.python.org/3/contents.html
2019-08-05 12:44:10 docs.python.org/3/contents.html
2019-08-05 12:46:41 docs.python.org/3/contents.html
2019-08-05 13:15:05 docs.python.org/3/contents.html
2019-08-05 13:17:03 docs.python.org/3/contents.html
2019-08-05 13:18:54 docs.python.org/3/contents.html
2019-08-06 10:46:27 habr.com
2019-08-06 10:48:45 habr.com
2019-08-06 10:49:12 habr.com
2019-08-06 10:49:14 habr.com
2019-08-06 10:50:20 habr.com
2019-08-06 10:53:17 habr.com
2019-08-06 10:53:54 habr.com
2019-08-07 11:39:51 habr.com
2019-08-07 11:40:57 liga.net
2019-08-07 15:26:05 12factor.net/ru/config
2019-08-07 15:27:08 12factor.net/ru/config
2019-08-07 15:30:13 habr.com
2019-08-07 15:31:57 https://12factor.net/ru/config
2019-08-07 15:38:27 https://12factor.net/ru/config
2019-08-07 15:38:42 https://12factor.net/ru/config
2019-08-07 15:44:17 https://12factor.net/ru/config
2019-08-07 15:45:01 https://12factor.net/ru/config
2019-08-07 15:46:12 https://12factor.net/ru/config
2019-08-07 15:46:54 habr.com
2019-08-07 15:47:59 12factor.net/ru/config
